01/05/21 00:05   18306    EXT42                                                 
01/05/21 00:06   18306    EXT49                                                 
01/05/21 00:13      49    EXT18306                                              
01/05/21 00:47   19005    EXT49                                                 
01/05/21 00:51   19005    EXT49                                                 
01/05/21 00:52   19005    EXT316                                                
01/05/21 00:57      44    EXT49                                                 
01/05/21 01:28     301    EXT320                                                
01/05/21 01:28     301 02 <I>                       0'10 00:00'19               
01/05/21 01:28     320 02 <I>                       0'00 00:00'26            TR 
01/05/21 01:28     320    EXT2001                                               
01/05/21 01:29     301    EXT320                                                
01/05/21 01:29     301 02 <I>                       0'13 00:00'11               
01/05/21 01:29     320 02 <I>                       0'00 00:00'23            TR 
01/05/21 01:30     320    EXT44                                                 
01/05/21 01:31     320    EXT44                                                 
01/05/21 01:53     320    EXT2001                                               
01/05/21 01:54     320 02 50851500-                      00:00'17            TR 
01/05/21 01:54     301    EXT316                                                
01/05/21 02:25     301 01 <I>                       0'16 00:00'33               
01/05/21 04:22     301    EXT49                                                 
01/05/21 04:22     301 02 <I>                       0'18 00:00'39               
01/05/21 04:23      49 02 <I>                       0'00 00:00'34            TR 
01/05/21 07:37   18207    EXT49                                                 
01/05/21 07:55     310    EXT301                                                
01/05/21 08:13   12201    EXT2001                                               
01/05/21 08:13     301    EXT323      
01/05/21 08:33     326    EXT323                                                
01/05/21 08:45   19000    EXT2001                                               
01/05/21 08:46     313    EXT44                                                 
01/05/21 08:46    2001    EXT344                                                
01/05/21 09:18    2001    EXT306                                                
01/05/21 09:18    2001 01 <I>                       0'04 00:00'26               
01/05/21 09:19     306 01 <I>                       0'00 00:00'30            TR 
01/05/21 09:22     323    EXT301                                                
01/05/21 09:24      41    EXT301                                                
01/05/21 09:24     323    EXT344                                                
01/05/21 09:26      41    EXT301                                                
01/05/21 09:30     323    EXT344                                                
01/05/21 09:34     323    EXT344                                                
01/05/21 09:37     317    EXT326                                                
01/05/21 09:38     317    EXT316                                                
01/05/21 09:39     344    EXT2001                                               
01/05/21 09:40     323    EXT344                                                
01/05/21 09:40     323    EXT344                                                
01/05/21 09:40     323    EXT2001                                               
01/05/21 09:40      49    EXT317                                                
01/05/21 09:41    2001 02 72281641                       00:00'25               
01/05/21 09:41     323 02 72281641-                      00:00'19            TR 
01/05/21 09:41     324    EXT44                                                 
01/05/21 09:42     323    EXT49                                                 
01/05/21 09:44     323    EXT301                                                
01/05/21 09:44      44    EXT310                                                
01/05/21 09:45     301    EXT49                                                 
01/05/21 09:45     323    EXT301                                                
01/05/21 09:45   11101    EXT43                                                 
01/05/21 09:45     301    EXT49                                                 
01/05/21 09:45   11101    EXT323                                                
01/05/21 09:46     323    EXT344                                                
01/05/21 09:51     306    EXT344                                                
01/05/21 09:51     312    EXT301                                                
01/05/21 09:51     306    EXT323                                                
01/05/21 09:52      49    EXT317                                                
01/05/21 09:58     324    EXT317                                                
01/05/21 10:03      49    EXT333                                                
01/05/21 10:04      49    EXT330                                                
01/05/21 10:04     333    EXT49                                                 
01/05/21 10:04     333    EXT49                                                 
01/05/21 10:05     317    EXT316                                                
01/05/21 10:06     312    EXT2001                                               
01/05/21 10:06     310    EXT304                                                
01/05/21 10:07     312    EXT301                                                
01/05/21 10:07     330    EXT313                                                
01/05/21 10:14     301    EXT41                                                 
01/05/21 10:21      49    EXT330                                                
01/05/21 10:24     324    EXT44                                                 
01/05/21 10:26     344    EXT323                                                
01/05/21 10:29   18306    EXT2001                                               
01/05/21 10:29    2001    EXT49                                                 
01/05/21 10:31   18306    EXT42                                                 
01/05/21 10:31   18306    EXT2001                                               
01/05/21 10:31    2001    EXT49                                                 
01/05/21 10:32    2001    EXT306                                                
01/05/21 10:33    2001 01 <I>                       0'12 00:01'29               
01/05/21 10:36     306 01 <I>                       0'00 00:02'44            TR 
01/05/21 10:40   11112    EXT323                                                
01/05/21 10:45   18203    EXT2001                                               
01/05/21 10:48     316    EXT44                                                 
01/05/21 10:56     316    EXT2001                                               
01/05/21 10:57    2001    EXT301                                                
01/05/21 10:57      44    EXT326                                                
01/05/21 10:57     301    EXT326                                                
01/05/21 10:58     301    EXT326                                                
01/05/21 10:58     301    EXT326                                                
01/05/21 10:58     301    EXT326                                                
01/05/21 10:58     301    EXT326                                                
01/05/21 10:58     301    EXT326                                                
01/05/21 10:59     301 02 54622884                       00:00'48               
01/05/21 11:06    2001    EXT49                                                 
01/05/21 11:06    2001 02 <I>                       0'03 00:00'44               
01/05/21 11:07      49 02 <I>                       0'00 00:00'29            TR 
01/05/21 11:08    2001    EXT49                                                 
01/05/21 11:09    2001 02 <I>                       0'05 00:00'28               
01/05/21 11:09      49 02 <I>                       0'00 00:00'21            TR 
01/05/21 11:15     301    EXT323                                                
01/05/21 11:16     301 02 20589859                       00:00'17               
01/05/21 11:16     301 02 56347501                       00:00'08               
01/05/21 11:17     301    EXT49                                                 
01/05/21 11:18   17004    EXT301                                                
01/05/21 11:26     301 02 56347501                       00:00'05               
01/05/21 11:26   18104    EXT301                                                
01/05/21 11:37   13208    EXT323                                                
01/05/21 11:37   13208    EXT344                                                
01/05/21 11:39     316    EXT2001                                               
01/05/21 11:41    2001 02 72281641                       00:01'14               
01/05/21 11:41     316 02 72281641-                      00:00'01            TR 
01/05/21 11:41    2001    EXT316                                                
01/05/21 11:42    2001 02 24976839                       00:00'23               
01/05/21 11:42     316 02 24976839-                      00:00'38            TR 
01/05/21 11:46    2001    EXT316                                                
01/05/21 11:46    2001 01 <I>                       0'03 00:00'25               
01/05/21 11:48     344    EXT323                                                
01/05/21 11:48     316 01 <I>                       0'00 00:02'10            TR 
01/05/21 11:49     323    EXT301                                                
01/05/21 11:49     301    EXT49                                                 
01/05/21 11:50     323    EXT2001                                               
01/05/21 11:51     306    EXT332                                                
01/05/21 11:57   18106    EXT344                                                
01/05/21 11:59   19008    EXT301                                                
01/05/21 11:59     301    EXT44                                                 
01/05/21 12:02     313    EXT44                                                 
01/05/21 12:12      42    EXT333                                                
01/05/21 12:22    2001    EXT306                                                
01/05/21 12:22    2001 02 <I>                       0'03 00:00'28               
01/05/21 12:23     306 02 <I>                       0'00 00:01'28            TR 
01/05/21 12:24    2001    EXT306                                                
01/05/21 12:25    2001 02 <I>                       0'02 00:00'28               
01/05/21 12:26     306 02 <I>                       0'00 00:01'15            TR 
01/05/21 12:28     313    EXT316                                                
01/05/21 12:29     301 02 20589859                       00:00'25               
01/05/21 12:29     301    EXT49                                                 
01/05/21 12:29   17204    EXT19008                                              
01/05/21 12:30    2001    EXT306                                                
01/05/21 12:30     301    EXT310                                                
01/05/21 12:30    2001 01 <I>                       0'03 00:00'36               
01/05/21 12:31   17204    EXT344                                                
01/05/21 12:31   13001    EXT344                                                
01/05/21 12:31     306 01 <I>                       0'00 00:00'53            TR 
01/05/21 12:31   13001    EXT344                                                
01/05/21 12:31   13001    EXT344                                                
01/05/21 12:35   18102    EXT49                                                 
01/05/21 12:36   19005    EXT49                                                 
01/05/21 12:37      49    EXT44                                                 
01/05/21 12:39     306    EXT316                                                
01/05/21 12:39     306    EXT332                                                
01/05/21 12:40     301    EXT312                                                
01/05/21 12:40    2001 01 <I>                       0'02 00:01'18               
01/05/21 12:42      49    EXT332                                                
01/05/21 12:42     332    EXT306                                                
01/05/21 12:42      49    EXT332                                                
01/05/21 12:42      49    EXT324                                                
01/05/21 12:43      49    EXT332                                                
01/05/21 12:43    2001    EXT323                                                
01/05/21 12:45     320    EXT313                                                
01/05/21 12:53   18101    EXT49                                                 
01/05/21 13:03    2001 02 <I>                       0'03 00:01'01               
01/05/21 13:08   13008    EXT301                                                
01/05/21 13:08     306    EXT316                                                
01/05/21 13:10     316    EXT317                                                
01/05/21 13:10     316    EXT306                                                
01/05/21 13:12     313    EXT316                                                
01/05/21 13:17     317    EXT316                                                
01/05/21 13:21   18101    EXT49                                                 
01/05/21 13:23     316    EXT317                                                
01/05/21 13:30     316    EXT317                                                
01/05/21 13:31     313    EXT316                                                
01/05/21 13:31     313    EXT316                                                
01/05/21 13:31     313    EXT316                                                
01/05/21 13:36     344    EXT323                                                
01/05/21 13:37     344    EXT2001                                               
01/05/21 13:38    2001    EXT306                                                
01/05/21 13:45     316    EXT317                                                
01/05/21 13:47   19011    EXT2001                                               
01/05/21 13:50   18304    EXT323                                                
01/05/21 13:58     310    EXT301                                                
01/05/21 13:58     301    EXT323                                                
01/05/21 13:58   18201    EXT323                                                
01/05/21 13:58     310    EXT301                                                
01/05/21 13:59     301    EXT44                                                 
01/05/21 13:59     320    EXT313                                                
01/05/21 14:00     301    EXT310                                                
01/05/21 14:01   18302    EXT323                                                
01/05/21 14:03     301    EXT49                                                 
01/05/21 14:04   11208    EXT18302                                              
01/05/21 14:06   11208    EXT18302                                              
01/05/21 14:09   19015    EXT49                                                 
01/05/21 14:15    2001    EXT316                                                
01/05/21 14:15    2001 02 <I>                       0'02 00:00'24               
01/05/21 14:15   19005    EXT2001                                               
01/05/21 14:15     316 02 <I>                       0'00 00:00'19            TR 
01/05/21 14:16    2001    EXT301                                                
01/05/21 14:17   18103    EXT323                                                
01/05/21 14:19    2001    EXT323                                                
01/05/21 14:19    2001 02 20859589                       00:00'00               
01/05/21 14:19   11208    EXT301                                                
01/05/21 14:20      49    EXT317                                                
01/05/21 14:21   19011    EXT2001                                               
01/05/21 14:22     301    EXT44                                                 
01/05/21 14:23     303    EXT323                                                
01/05/21 14:23     301    EXT323                                                
01/05/21 14:23     301    EXT11208                                              
01/05/21 14:25   18103    EXT323                                                
01/05/21 14:27   19005    EXT2001                                               
01/05/21 14:28     344    EXT2001                                               
01/05/21 14:33     310    EXT301                                                
01/05/21 14:34   18103    EXT323                                                
01/05/21 14:35     310    EXT301                                                
01/05/21 14:38     301    EXT44                                                 
01/05/21 14:40     301    EXT310                                                
01/05/21 14:41     310    EXT301                                                
01/05/21 14:45   18104    EXT323                                                
01/05/21 14:51    2001 02 <I>                       0'03 00:00'14               
01/05/21 14:51    2001    EXT316                                                
01/05/21 14:53    2001    EXT316                                                
01/05/21 14:53    2001 02 58880533                       00:00'32               
01/05/21 14:54     316 02 58880533-                      00:00'45            TR 
01/05/21 14:56     323    EXT2001                                               
01/05/21 14:58     301 02 99386308                       00:00'21               
01/05/21 14:58     301 02 <I>                       0'04 00:00'09               
01/05/21 14:59     344    EXT323                                                
01/05/21 15:15   18107    EXT49                                                 
01/05/21 15:17   13205    EXT44                                                 
01/05/21 15:18     313    EXT44                                                 
01/05/21 15:22      44    EXT301                                                
01/05/21 15:23     301 02 <I>                       0'03 00:00'10               
01/05/21 15:24     313    EXT44                                                 
01/05/21 15:32    2001    EXT333                                                
01/05/21 15:34     320    EXT2001                                               
01/05/21 15:37    2001 02 50851500                       00:00'02               
01/05/21 15:39     301    EXT44                                                 
01/05/21 15:39     333    EXT316                                                
01/05/21 15:45     313    EXT44                                                 
01/05/21 15:50     301    EXT44                                                 
01/05/21 16:08   18107    EXT49                                                 
01/05/21 16:37     310    EXT44                                                 
01/05/21 16:48     310    EXT301                                                
01/05/21 16:49     301    EXT310                                                
01/05/21 16:49   18106    EXT2001                                               
01/05/21 16:51     301 02 99386308                       00:00'19               
01/05/21 16:57     301 02 <I>                       0'10 00:00'33               
01/05/21 16:58     301 02 99386308                       00:00'27               
01/05/21 17:07     301    EXT18104                                              
01/05/21 17:18     301 01 <I>                       0'16 00:01'20               
01/05/21 17:31     301 02 20589859                       00:00'01               
01/05/21 17:32     301 02 20589859                       00:00'02               
01/05/21 17:33     301 02 20589859                       00:00'47               
01/05/21 17:33     301 01 20589859                       00:00'47               
01/05/21 17:36     301 02 56347501                       00:02'06               
01/05/21 17:41     310    EXT301                                                
01/05/21 17:41     301    EXT310                                                
01/05/21 17:43     313    EXT44                                                 
01/05/21 17:44     301 02 <I>                       0'05 00:00'03               
01/05/21 17:45   18107    EXT49                                                 
01/05/21 17:46     301 01 <I>                       0'17 00:01'18               
01/05/21 17:54     301 02 99386308                       00:00'27               
01/05/21 18:05     320    EXT44                                                 
01/05/21 18:08     310    EXT301                                                
01/05/21 18:09   17005    EXT2001                                               
01/05/21 18:29     301 01 <I>                       0'09 00:00'58               
01/05/21 18:39      40    EXT42                                                 
01/05/21 18:39      40    EXT2001                                               
01/05/21 18:40      40    EXT44                                                 
01/05/21 18:44     310    EXT44                                                 
01/05/21 18:45     310    EXT301                                                
01/05/21 18:54     310    EXT301                                                
01/05/21 18:55     301    EXT44                                                 
01/05/21 18:55     301    EXT49                                                 
01/05/21 19:04   18104    EXT47                                                 
01/05/21 19:05   18104    EXT47                                                 
01/05/21 19:05      40    EXT44                                                 
01/05/21 19:05      44    EXT2001                                               
01/05/21 19:16     316    EXT44                                                 
01/05/21 19:19     316    EXT44                                                 
01/05/21 19:19     316    EXT2001                                               
01/05/21 19:20     301 02 <I>                       0'08 00:00'51               
01/05/21 19:23     301    EXT49                                                 
01/05/21 19:35     316    EXT2001                                               
01/05/21 19:37      49    EXT44                                                 
01/05/21 19:50      44    EXT316                                                
01/05/21 19:52      49    EXT44                                                 
01/05/21 19:52      44    EXT316                                                
01/05/21 19:52      49    EXT2001                                               
01/05/21 19:53      49    EXT44                                                 
01/05/21 19:57     320    EXT44                                                 
01/05/21 20:00      49    EXT2001                                               
01/05/21 20:01     301 02 50851500                       00:00'05               
01/05/21 20:02     301 02 <I>                       0'07 00:00'21               
01/05/21 20:09      49    EXT301                                                
01/05/21 20:09     301    EXT19105                                              
01/05/21 20:11     301 02 <I>                       0'12 00:01'50               
01/05/21 20:12   12102    EXT49                                                 
01/05/21 20:12      49    EXT301                                                
01/05/21 20:12   12102    EXT2001                                               
01/05/21 20:13     301    EXT49                                                 
01/05/21 20:13   12102    EXT49                                                 
01/05/21 20:15     301    EXT12102                                              
01/05/21 20:17     320    EXT301                                                
01/05/21 20:19     320    EXT344                                                
01/05/21 20:30      49    EXT301                                                
01/05/21 20:34     301 02 <I>                       0'11 00:00'12               
01/05/21 21:02   12102    EXT49                                                 
01/05/21 21:03      49    EXT44                                                 
01/05/21 21:05      49    EXT317                                                
01/05/21 21:20   11001    EXT310                                                
01/05/21 21:25     310    EXT301                                                
01/05/21 21:26     301 02 99386308                       00:00'15               
01/05/21 21:27   11001    EXT310                                                
01/05/21 21:45     310    EXT301                                                
01/05/21 22:07   19010    EXT42                                                 
01/05/21 22:07   19010    EXT43                                                 
01/05/21 22:43     310    EXT301                                                
01/05/21 22:49     310    EXT301                                                
01/05/21 22:50     310    EXT301                                                
01/05/21 22:51     301    EXT310                                                
01/05/21 23:04   18107    EXT49                                                 
01/05/21 23:14      44    EXT316                                                
01/05/21 23:16     316    EXT44                                                 
01/05/21 23:18   19010    EXT42                                                 
01/05/21 23:18   19010    EXT43                                                 
01/05/21 23:19   19010    EXT49                                                 
01/05/21 23:19   19010    EXT42                                                 
01/05/21 23:26   18102    EXT49                                                 
01/05/21 23:27   18102    EXT49                                                 
01/05/21 23:27   18102    EXT2001                                               
01/05/21 23:27     301    EXT49                                                 
01/05/21 23:27   18102    EXT49                                                 
01/05/21 23:27   18102    EXT2001                                               
01/05/21 23:29   18102    EXT49                                                 
01/05/21 23:29   18102    EXT2001                                               
01/05/21 23:31   18102    EXT49                                                 
01/05/21 23:35   19010    EXT2001                                               
01/05/21 23:35     301    EXT49                                                 
01/05/21 23:36   19010    EXT49                                                 
01/05/21 23:36   19010    EXT49                                                 
01/05/21 23:38   19010    EXT49                                                 
01/05/21 23:39   19010    EXT49                                                 
01/05/21 23:39   19010    EXT49                                                 
01/05/21 23:41   19010    EXT49                                                 
01/05/21 23:41   19010    EXT49                                                 
01/05/21 23:42   19010    EXT2001                                               
01/05/21 23:42     301    EXT316                                                
01/05/21 23:42     301    EXT316                                                
01/05/21 23:45     320    EXT2001                                               
01/05/21 23:45      49    EXT2001                                               
01/05/21 23:45     301    EXT19010                                              
01/05/21 23:45     301    EXT49                                                 
01/05/21 23:46     301    EXT49                                                 
01/05/21 23:46     301    EXT49                                                 
01/05/21 23:46     301    EXT49                                                 
01/05/21 23:48     320    EXT2001                                               
01/05/21 23:48     301    EXT19010                                              
01/05/21 23:49     301    EXT13005                                              
01/05/21 23:51     301    EXT13006                                              
01/05/21 23:52      44    EXT316                                                
01/05/21 23:52     301 01 <I>                       0'07 00:03'09               
01/05/21 23:58   18201    EXT2001                                               
02/05/21 00:02   17004    EXT49                                                 
02/05/21 00:28   18202    EXT2001                                               
02/05/21 00:28     301    EXT49                                                 
02/05/21 00:49   13205    EXT44                                                 
02/05/21 00:50      44    EXT320                                                
02/05/21 01:05      44    EXT310                                                
02/05/21 01:06      44    EXT320                                                
02/05/21 01:06      44    EXT320                                                
02/05/21 01:11     320    EXT44                                                 
02/05/21 01:12     320    EXT2001                                               
02/05/21 01:13     320    EXT2001                                               
02/05/21 01:13     301    EXT13205                                              
02/05/21 01:22   17004    EXT49                                                 
02/05/21 02:28   13205    EXT44                                                 
02/05/21 02:39   18306    EXT2001                                               
02/05/21 02:39     301    EXT49                                                 
02/05/21 02:56     320    EXT44                                                 
02/05/21 03:44     320    EXT44                                                 
02/05/21 04:13   18306    EXT2001                                               
02/05/21 04:13   18306    EXT2001                                               
02/05/21 04:13     301    EXT49                                                 
02/05/21 04:14   18306    EXT2001                                               
02/05/21 04:14     301    EXT49                                                 
02/05/21 06:58   18207    EXT49                                                 
02/05/21 07:30     301 01 <I>                       0'04 00:01'08               
02/05/21 08:37     301    EXT323                                                
02/05/21 08:42     323    EXT301                                                
02/05/21 08:43   11018    EXT301                                                
02/05/21 08:43   11018    EXT323                                                
02/05/21 08:47      49    EXT323                                                
02/05/21 08:55      49    EXT324                                                
02/05/21 08:56      49    EXT332                                                
02/05/21 08:56      49    EXT2001                                               
02/05/21 08:57      49    EXT317                                                
02/05/21 09:12      40    EXT44                                                 
02/05/21 09:43     301 01 <I>                       0'07 00:00'31               
02/05/21 09:58     323    EXT301                                                
02/05/21 10:14     310    EXT301                                                
02/05/21 10:22     315    EXT303                                                
02/05/21 10:22     316    EXT2001                                               
02/05/21 10:22      44    EXT330                                                
02/05/21 10:26     303    EXT301                                                
02/05/21 10:44   19015    EXT344                                                
02/05/21 10:45   19015    EXT344                                                
02/05/21 10:49   19015    EXT344                                                
02/05/21 10:49   19015    EXT344                                                
02/05/21 10:55     301    EXT316                                                
02/05/21 10:55     301 01 <I>                       0'10 00:00'31               
02/05/21 10:56     316 01 <I>                       0'00 00:01'07            TR 
02/05/21 11:08   18106    EXT49                                                 
02/05/21 11:09     301 01 <I>                       0'08 00:02'06               
02/05/21 11:19     313    EXT326                                                
02/05/21 11:31     316    EXT44                                                 
02/05/21 11:36     301 01 <I>                       0'09 00:00'02               
02/05/21 11:39     303    EXT301                                                
02/05/21 11:41     301    EXT303                                                
02/05/21 11:41   19005    EXT49                                                 
02/05/21 11:41     301    EXT41                                                 
02/05/21 11:42   19005    EXT49                                                 
02/05/21 11:42   19005    EXT49                                                 
02/05/21 11:43     301 02 <I>                       0'08 00:00'13               
02/05/21 11:45      44    EXT2001                                               
02/05/21 11:46      44    EXT326                                                
02/05/21 11:50     316    EXT332                                                
02/05/21 11:50     316    EXT324                                                
02/05/21 11:51     324    EXT316                                                
02/05/21 11:54     313    EXT44                                                 
02/05/21 11:59     301    EXT41                                                 
02/05/21 12:01      41    EXT301                                                
02/05/21 12:09   18107    EXT49                                                 
02/05/21 12:10   18107    EXT2001                                               
02/05/21 12:11     301    EXT49                                                 
02/05/21 12:12      49    EXT18107                                              
02/05/21 12:15     301 02 <I>                       0'05 00:00'15               
02/05/21 12:15     301    EXT323                                                
02/05/21 12:16     301 02 20589859                       00:00'18               
02/05/21 12:31     320    EXT313                                                
02/05/21 12:39     313    EXT44                                                 
02/05/21 12:43     301    EXT44                                                 
02/05/21 12:44     301 02 <I>                       0'09 00:00'29               
02/05/21 12:44      44 02 <I>                       0'00 00:00'12            TR 
02/05/21 12:45      44    EXT2001                                               
02/05/21 12:46      44    EXT2001                                               
02/05/21 13:01     320    EXT313                                                
02/05/21 13:02     320    EXT313                                                
02/05/21 13:03     320    EXT44                                                 
02/05/21 13:04     332    EXT316                                                
02/05/21 13:06     320    EXT313                                                
02/05/21 13:17   18107    EXT2001                                               
02/05/21 13:17   19000    EXT323                                                
02/05/21 13:17     301    EXT306                                                
02/05/21 13:21   13205    EXT42                                                 
02/05/21 13:21   13205    EXT2001                                               
02/05/21 13:21     301    EXT49                                                 
02/05/21 13:22     301    EXT44                                                 
02/05/21 13:23   13005    EXT2001                                               
02/05/21 13:25   19105    EXT323                                                
02/05/21 13:25   19105    EXT323                                                
02/05/21 13:25     301    EXT306                                                
02/05/21 13:26     301 01 <I>                       0'06 00:01'19               
02/05/21 13:26   19105    EXT323                                                
02/05/21 13:26   19105    EXT323                                                
02/05/21 13:29     306 01 <I>                       0'00 00:03'03            TR 
02/05/21 13:40   11214    EXT344                                                
02/05/21 13:40   11214    EXT301                                                
02/05/21 13:45     301 02 <I>                       0'08 00:00'19               
02/05/21 13:45     301 02 56347501                       00:00'09               
02/05/21 13:45   11215    EXT301                                                
02/05/21 13:52     301    EXT49                                                 
02/05/21 13:54     301    EXT49                                                 
02/05/21 13:54     301    EXT316                                                
02/05/21 13:54     301 02 <I>                       0'08 00:02'02               
02/05/21 13:55      49 02 <I>                       0'00 00:00'43            TR 
02/05/21 13:58     316    EXT18306                                              
02/05/21 14:00     301    EXT306                                                
02/05/21 14:01     301 01 <I>                       0'09 00:01'47               
02/05/21 14:01     317    EXT316                                                
02/05/21 14:02     306 01 <I>                       0'00 00:01'18            TR 
02/05/21 14:03     303    EXT306                                                
02/05/21 14:07     301    EXT16106                                              
02/05/21 14:07     301    EXT16007                                              
02/05/21 14:10     323    EXT301                                                
02/05/21 14:10     301 02 56347501                       00:00'10               
02/05/21 14:12     301    EXT41                                                 
02/05/21 14:16     323    EXT301                                                
02/05/21 14:18      41    EXT301                                                
02/05/21 14:18     323    EXT344                                                
02/05/21 14:24      49    EXT2001                                               
02/05/21 14:37     303    EXT306                                                
02/05/21 14:37     303    EXT301                                                
02/05/21 14:39   18107    EXT44                                                 
02/05/21 14:41     301    EXT310                                                
02/05/21 14:41     301 02 <I>                       0'10 00:00'10               
02/05/21 14:41     316    EXT324                                                
02/05/21 14:42     310 02 <I>                       0'00 00:00'16            TR 
02/05/21 14:48      49    EXT2001                                               
02/05/21 14:50   13108    EXT301                                                
02/05/21 14:55     310    EXT301                                                
02/05/21 15:17     313    EXT44                                                 
02/05/21 15:21   18106    EXT44                                                 
02/05/21 15:21   18106    EXT316                                                
02/05/21 15:53     301 02 72281641                       00:00'34               
02/05/21 15:53   19000    EXT49                                                 
02/05/21 15:54   19000    EXT49                                                 
02/05/21 15:55     301 02 54454430                       00:00'43               
02/05/21 16:22     301 02 <I>                       0'18 00:00'15               
02/05/21 16:22     301    EXT49                                                 
02/05/21 16:31      44    EXT326                                                
02/05/21 16:44     320    EXT44                                                 
02/05/21 16:59   11001    EXT310                                                
02/05/21 17:11     310    EXT44                                                 
02/05/21 17:11      44    EXT2001                                               
02/05/21 17:11     301    EXT44                                                 
02/05/21 17:51   19000    EXT2001                                               
02/05/21 17:56      44    EXT18103                                              
02/05/21 17:57      44    EXT18104                                              
02/05/21 18:17     320    EXT44                                                 
02/05/21 18:20     301    EXT18201                                              
02/05/21 18:22   18201    EXT2001                                               
02/05/21 18:22     301    EXT49                                                 
02/05/21 18:25     301 02 99386308                       00:00'43               
02/05/21 18:26     305    EXT316                                                
02/05/21 18:29     316    EXT2001                                               
02/05/21 18:31   19015    EXT49                                                 
02/05/21 18:47      49    EXT2001                                               
02/05/21 19:07   18107    EXT316                                                
02/05/21 19:07   19000    EXT316                                                
02/05/21 19:08   19000    EXT316                                                
02/05/21 19:08   18107    EXT42                                                 
02/05/21 19:09   18107    EXT49                                                 
02/05/21 19:15   19000    EXT316                                                
02/05/21 19:20      42    EXT49                                                 
02/05/21 19:20      42    EXT2001                                               
02/05/21 19:21     301    EXT18306                                              
02/05/21 19:21     301    EXT42                                                 
02/05/21 19:46   18106    EXT49                                                 
02/05/21 20:01   18106    EXT49                                                 
02/05/21 20:06     301    EXT49                                                 
02/05/21 20:39     301    EXT18104                                              
02/05/21 20:41   18106    EXT49                                                 
02/05/21 20:42   18106    EXT49                                                 
02/05/21 20:42     330    EXT49                                                 
02/05/21 20:43     330    EXT49                                                 
02/05/21 20:43   18106    EXT44                                                 
02/05/21 20:44     330    EXT49                                                 
02/05/21 21:49   18106    EXT44                                                 
02/05/21 21:53     310    EXT301                                                
02/05/21 22:29     301 01 <I>                       0'06 00:02'11               
03/05/21 00:16     320    EXT44                                                 
03/05/21 00:18      44    EXT49                                                 
03/05/21 00:50     301    EXT49                                                 
03/05/21 00:51     301 02 <I>                       0'09 00:00'47               
03/05/21 00:51      49 02 <I>                       0'00 00:00'34            TR 
03/05/21 00:52     301    EXT49                                                 
03/05/21 00:52     301 02 <I>                       0'06 00:00'17               
03/05/21 00:52      49 02 <I>                       0'00 00:00'19            TR 
03/05/21 01:14   18107    EXT44                                                 
03/05/21 01:15      44    EXT49                                                 
03/05/21 02:38     301    EXT49                                                 
03/05/21 02:56   13205    EXT44                                                 
03/05/21 02:58   13205    EXT44                                                 
03/05/21 03:40     301 01 <I>                       0'09 00:00'53               
03/05/21 03:50     301    EXT49                                                 
03/05/21 03:51     301    EXT316                                                
03/05/21 03:51     301 02 <I>                       0'08 00:00'58               
03/05/21 03:52     301    EXT316                                                
03/05/21 03:52     301 02 55587618                       00:00'26               
03/05/21 03:53     316 02 55587618-                      00:00'33            TR 
03/05/21 04:10     301    EXT18103                                              
03/05/21 04:10     301    EXT13205                                              
03/05/21 07:34   19010    EXT2001                                               
03/05/21 08:15     323    EXT301                                                
03/05/21 08:18   18207    EXT42                                                 
03/05/21 08:19   18207    EXT49                                                 
                                          
=~=~=~=~=~=~=~=~=~=~=~= PuTTY log 2021.05.03 09:28:24 =~=~=~=~=~=~=~=~=~=~=~=
-SMDR
SMDREnter Password:PCCSMDR
*******  Date     Time    Ext CO        Dial Number        Ring Duration  Acc code  CD 
--------------------------------------------------------------------------------
03/05/21 08:25    MN ALM #510  10000 SMDR disconnect
03/05/21 08:26      49    EXT323                                                
03/05/21 08:36     323    EXT301                                                
03/05/21 08:45     312    EXT301                                                
03/05/21 08:45     301    EXT312                                                
03/05/21 08:47     301 02 24833735                       00:00'11               
03/05/21 08:47     301 02 22050731                       00:00'04               
03/05/21 08:47     301 02 22050731                       00:00'01               
03/05/21 08:48     301 02 24833735                       00:00'09               
03/05/21 08:50     306    EXT326                                                
03/05/21 08:54     344    EXT323                                                
03/05/21 08:55     344    EXT301                                                
03/05/21 08:57    2001 01 <I>                       0'03 00:00'52               
03/05/21 08:59     344    EXT323                                                
03/05/21 09:00     323    EXT332                                                
03/05/21 09:01     323    EXT2001                                               
03/05/21 09:01      49    EXT332                                                
03/05/21 09:02    2001 02 22488681                       00:00'19               
03/05/21 09:02      49    EXT324                                                
03/05/21 09:02     323 02 22488681-                      00:00'36            TR 
03/05/21 09:13     315    EXT344                                                
03/05/21 09:15     344    EXT323                                                
03/05/21 09:16   13108    EXT344                                                
03/05/21 09:19   18101    EXT323                                                
03/05/21 09:19      44    EXT333                                                
03/05/21 09:21     310    EXT301                                                
03/05/21 09:21   13108    EXT344                                                
03/05/21 09:21     310    EXT303                                                
03/05/21 09:21     310    EXT301                                                
03/05/21 09:23     301    EXT310                                                
03/05/21 09:23     344    EXT323                                                
03/05/21 09:39    2001    EXT312                                                
03/05/21 09:39    2001 01 <I>                       0'03 00:00'49               
03/05/21 09:40   19017    EXT49                                                 
03/05/21 09:43     312    EXT332                                                
03/05/21 09:44     312    EXT2001                                               
03/05/21 09:44     344    EXT323                                                
03/05/21 09:45    2001 02 92303905                       00:00'03               
03/05/21 09:46     312 02 92303905-                      00:01'03            TR 
03/05/21 09:48      44    EXT326                                                
03/05/21 09:48    2001 02 <I>                       0'04 00:00'46               
03/05/21 09:52     344    EXT323                                                
03/05/21 09:52     333    EXT326                                                
03/05/21 09:53     344    EXT2001                                               
03/05/21 09:54    2001 02 56347501                       00:00'01               
03/05/21 09:55     312    EXT332                                                
03/05/21 09:56   19017    EXT301                                                
03/05/21 09:57   19017    EXT2001                                               
03/05/21 09:57   19017    EXT344                                                
03/05/21 09:58   19017    EXT344                                                
03/05/21 09:58   19017    EXT301                                                
03/05/21 09:59     312    EXT344                                                
03/05/21 09:59   19017    EXT43                                                 
03/05/21 10:05    2001 02 <I>                       0'04 00:00'42               
03/05/21 10:06      44    EXT326                                                
03/05/21 10:09     344    EXT301                                                
03/05/21 10:11    2001    EXT314                                                
03/05/21 10:11    2001 01 <I>                       0'03 00:00'30               
03/05/21 10:12     314 01 <I>                       0'00 00:00'21            TR 
03/05/21 10:13     344    EXT2001                                               
03/05/21 10:13     344    EXT312                                                
03/05/21 10:14     303    EXT306                                                
03/05/21 10:14     344    EXT301                                                
03/05/21 10:15     344    EXT2001                                               
03/05/21 10:15    2001    EXT306                                                
03/05/21 10:15    2001    EXT303                                                
03/05/21 10:17      44    EXT326                                                
03/05/21 10:29   12101    EXT323                                                
03/05/21 10:29    2001    EXT306                                                
03/05/21 10:30    2001 01 <I>                       0'04 00:00'47               
03/05/21 10:30     310    EXT301                                                
03/05/21 10:30     306 01 <I>                       0'00 00:00'34            TR 
03/05/21 10:30     310    EXT49                                                 
03/05/21 10:31    2001    EXT314                                                
03/05/21 10:31    2001 01 <I>                       0'02 00:00'32               
03/05/21 10:32     314 01 <I>                       0'00 00:00'53            TR 
03/05/21 10:32      44    EXT326                                                
03/05/21 10:35    2001    EXT306                                                
03/05/21 10:35    2001 01 <I>                       0'03 00:00'19               
03/05/21 10:35     306 01 <I>                       0'00 00:00'10            TR 
03/05/21 10:35     306    EXT2001                                               
03/05/21 10:36    2001    EXT306                                                
03/05/21 10:36    2001 01 <I>                       0'08 00:00'12               
03/05/21 10:37     306 01 <I>                       0'00 00:00'54            TR 
03/05/21 10:39     324    EXT44                                                 
03/05/21 10:44      49    EXT301                                                
03/05/21 11:01   18106    EXT44                                                 
03/05/21 11:01   18106    EXT44                                                 
03/05/21 11:01   18106    EXT49                                                 
03/05/21 11:02     310    EXT314                                                
03/05/21 11:03     324    EXT330                                                
03/05/21 11:05    2001    EXT304                                                
03/05/21 11:05    2001 01 <I>                       0'04 00:00'15               
03/05/21 11:06     304 01 <I>                       0'00 00:00'29            TR 
03/05/21 11:06     304    EXT301                                                
03/05/21 11:08    2001    EXT49                                                 
03/05/21 11:08    2001 01 <I>                       0'03 00:00'34               
  Date     Time    Ext CO        Dial Number        Ring Duration  Acc code  CD 
--------------------------------------------------------------------------------
03/05/21 11:08      49 01 <I>                       0'00 00:00'04            TR 
03/05/21 11:16     301    EXT303                                                
03/05/21 11:18   18106    EXT49                                                 
03/05/21 11:23     305    EXT2001                                               
03/05/21 11:24     305    EXT312                                                
03/05/21 11:28    2001 01 <I>                       0'07 00:00'35               
03/05/21 11:30   19000    EXT2001                                               
03/05/21 11:31    2001    EXT306                                                
03/05/21 11:32    2001 02 <I>                       0'05 00:00'26               
03/05/21 11:33   18106    EXT49                                                 
03/05/21 11:35     312    EXT301                                                
03/05/21 11:39    2001    EXT344                                                
03/05/21 11:39    2001 02 <I>                       0'05 00:00'18               
03/05/21 11:39    2001    EXT344                                                
03/05/21 11:42    2001 02 72281641                       00:01'01               
03/05/21 11:42    2001    EXT333                                                
03/05/21 11:48   13004    EXT49                                                 
03/05/21 11:49   11105    EXT2001                                               
03/05/21 11:50     313    EXT2001                                               
03/05/21 11:50    2001 02 <I>                       0'04 00:00'39               
03/05/21 11:50     313    EXT302                                                
03/05/21 11:52   19010    EXT49                                                 
03/05/21 11:53    2001    EXT11105                                              
03/05/21 11:53    2001    EXT11105                                              
03/05/21 11:54   11105    EXT2001                                               
03/05/21 11:55     313    EXT302                                                
03/05/21 11:56     301 02 54622884                       00:00'45               
03/05/21 12:00     303    EXT344                                                
03/05/21 12:00     303    EXT323                                                
03/05/21 12:02     303    EXT2001                                               
03/05/21 12:03    2001 01 99518847                       00:00'05               
03/05/21 12:03     301 02 98210007                       00:00'37               
03/05/21 12:03   11105    EXT2001                                               
03/05/21 12:04     312    EXT301                                                
03/05/21 12:04     301    EXT310                                                
03/05/21 12:04    2001    EXT304                                                
03/05/21 12:05    2001 01 <I>                       0'05 00:00'13               
03/05/21 12:05     344    EXT2001                                               
03/05/21 12:05     304 01 <I>                       0'00 00:00'57            TR 
03/05/21 12:06     344    EXT303                                                
03/05/21 12:06     313    EXT302                                                
03/05/21 12:10     303    EXT2001                                               
03/05/21 12:10     344    EXT2001                                               
03/05/21 12:11    2001 02 72281641                       00:00'20               
03/05/21 12:11    2001    EXT303                                                
03/05/21 12:12    2001 02 55139944                       00:00'15               
03/05/21 12:13     303 02 55139944-                      00:00'48            TR 
03/05/21 12:16     316    EXT44                                                 
03/05/21 12:17     344    EXT323                                                
03/05/21 12:18     344    EXT2001                                               
03/05/21 12:18    2001 02 56347501                       00:00'02               
03/05/21 12:18     332    EXT316                                                
03/05/21 12:18     344 02 56347501-                      00:00'28            TR 
03/05/21 12:24   11103    EXT344                                                
03/05/21 12:25   11103    EXT344                                                
03/05/21 12:29   18106    EXT42                                                 
03/05/21 12:30      44    EXT316                                                
03/05/21 12:33      44    EXT333                                                
03/05/21 12:33     326    EXT301                                                
03/05/21 12:35     301 02 56347501                       00:00'53               
03/05/21 12:35     301    EXT326                                                
03/05/21 12:36      44    EXT313                                                
03/05/21 12:37      44    EXT302                                                
03/05/21 12:42    2001    EXT49                                                 
03/05/21 12:42     344    EXT2001                                               
03/05/21 12:43    2001 02 <I>                       0'05 00:00'35               
03/05/21 12:43    2001 01 56347501                       00:00'02               
03/05/21 12:43     323    EXT2001                                               
03/05/21 12:44     323    EXT344                                                
03/05/21 12:44      49 02 <I>                       0'00 00:00'57            TR 
03/05/21 12:45     301    EXT306                                                
03/05/21 12:45     301 02 72310260                       00:00'42               
03/05/21 12:46     306 02 72310260-                      00:01'09            TR 
03/05/21 12:47     301 02 72227313                       00:00'23               
03/05/21 12:48     301    EXT306                                                
03/05/21 12:48     301 02 72227312                       00:00'33               
03/05/21 12:49     306 02 72227312-                      00:01'13            TR 
03/05/21 12:51    2001    EXT41                                                 
03/05/21 12:52    2001    EXT301                                                
03/05/21 12:52    2001 01 <I>                       0'02 00:00'59               
03/05/21 12:53     301 01 <I>                       0'00 00:00'49            TR 
03/05/21 12:53     301    EXT41                                                 
03/05/21 12:54   18106    EXT2001                                               
03/05/21 12:54    2001    EXT323                                                
03/05/21 12:55    2001 02 56347501                       00:00'26               
03/05/21 12:57   18201    EXT301                                                
03/05/21 12:58    2001    EXT312                                                
03/05/21 12:58    2001 01 <I>                       0'11 00:01'49               
03/05/21 12:59      49    EXT301                                                
03/05/21 13:00     312 01 <I>                       0'00 00:01'30            TR 
03/05/21 13:05    2001 02 <I>                       0'02 00:05'33               
03/05/21 13:08   18106    EXT2001                                               
03/05/21 13:09     328    EXT312                                                
03/05/21 13:09    2001 01 <I>                       0'06 00:01'27               
03/05/21 13:11    2001 02 27041964                       00:00'07               
03/05/21 13:12    2001    EXT323                                                
03/05/21 13:12      41    EXT2001                                               
  Date     Time    Ext CO        Dial Number        Ring Duration  Acc code  CD 
--------------------------------------------------------------------------------
03/05/21 13:16      44    EXT333                                                
03/05/21 13:23   18106    EXT49                                                 
03/05/21 13:24     301    EXT305                                                
03/05/21 13:24     301    EXT305                                                
03/05/21 13:25     301 02 72227312                       00:00'16               
03/05/21 13:27     305 02 72227312-                      00:02'35            TR 
03/05/21 13:28      49    EXT18106                                              
03/05/21 13:37   18107    EXT2001                                               
03/05/21 13:38    2001    EXT326                                                
03/05/21 13:38    2001 02 54622884                       00:00'22               
03/05/21 13:39    2001    EXT18107                                              
03/05/21 13:41     301 02 <I>                       0'08 00:00'12               
03/05/21 13:57     330    EXT44                                                 
03/05/21 13:58   18107    EXT42                                                 
03/05/21 13:59     303    EXT301                                                
03/05/21 14:00      44    EXT330                                                
03/05/21 14:04     323    EXT344                                                
03/05/21 14:07     301    EXT344                                                
03/05/21 14:08     344    EXT301                                                
03/05/21 14:09   13205    EXT44                                                 
03/05/21 14:10      44    EXT2001                                               
03/05/21 14:11      44    EXT301                                                
03/05/21 14:18     310    EXT301                                                
03/05/21 14:21    2001 01 <I>                       0'04 00:01'37               
03/05/21 14:21     301    EXT49                                                 
03/05/21 14:27     301 02 98210007                       00:00'45               
03/05/21 14:32     323    EXT301                                                
03/05/21 14:32     332    EXT312                                                
03/05/21 14:33     301    EXT323                                                
03/05/21 14:35   18107    EXT49                                                 
03/05/21 14:38     316    EXT326                                                
03/05/21 14:38     323    EXT301                                                
03/05/21 14:40   18106    EXT2001                                               
03/05/21 14:41    2001    EXT323                                                
03/05/21 14:41     301    EXT323                                                
03/05/21 14:41     316    EXT326                                                
03/05/21 14:41     301    EXT323                                                
03/05/21 14:42     301    EXT323                                                
03/05/21 14:42     323    EXT49                                                 
03/05/21 14:42     301    EXT323                                                
03/05/21 14:43     301 02 56347501                       00:00'05               
03/05/21 14:43     301    EXT323                                                
03/05/21 14:43     301    EXT323                                                
03/05/21 14:43     323    EXT2001                                               
03/05/21 14:43     301    EXT323                                                
03/05/21 14:43     301    EXT323                                                
03/05/21 14:43     301    EXT323                                                
03/05/21 14:44     323    EXT301                                                
03/05/21 14:44     301 02 56347501                       00:00'16               
03/05/21 14:54      49    EXT2001                                               
03/05/21 14:54    2001    EXT18106                                              
03/05/21 15:03   17106    EXT49                                                 
03/05/21 15:03    2001 01 <I>                       0'04 00:00'41               
03/05/21 15:04    2001 01 <I>                       0'05 00:00'38               
03/05/21 15:08     306    EXT317                                                
03/05/21 15:18     303    EXT323                                                
03/05/21 15:19     303    EXT323                                                
03/05/21 15:26    2001    EXT333                                                
03/05/21 15:27   18106    EXT44                                                 
03/05/21 15:38      44    EXT313                                                
03/05/21 15:43     301 01 <I>                       0'09 00:01'12               
03/05/21 15:43      44    EXT313                                                
03/05/21 15:47   18106    EXT44                                                 
03/05/21 15:57     301    EXT306                                                
03/05/21 15:57     301 01 <I>                       0'06 00:00'27               
03/05/21 16:01     306 01 <I>                       0'00 00:04'10            TR 
03/05/21 16:05     301    EXT310                                                
03/05/21 16:14     301 02 <I>                       0'11 00:00'17               
03/05/21 16:15     301    EXT18104                                              
03/05/21 16:15     301 02 50851500                       00:00'05               
03/05/21 16:15     301 02 54622884                       00:00'00               
03/05/21 16:16     301 01 54622884                       00:00'37               
03/05/21 16:17     301 02 23060056                       00:00'22               
03/05/21 16:22     301 01 <I>                       0'11 00:02'21               
03/05/21 16:25     301    EXT310                                                
03/05/21 16:27     301 02 51371488                       00:00'56               
03/05/21 16:41     305    EXT44                                                 
03/05/21 16:47   18105    EXT49                                                 
03/05/21 17:02     301 02 99386308                       00:00'14               
03/05/21 17:02     305    EXT18104                                              
03/05/21 17:02     305    EXT18104                                              
03/05/21 17:07     301 02 <I>                       0'06 00:00'07               
03/05/21 17:08     301 02 <I>                       0'06 00:00'08               
03/05/21 17:09     301 02 97491477                       00:00'20               
03/05/21 17:09   18104    EXT2001                                               
03/05/21 17:12     320    EXT2001                                               
03/05/21 17:13     301 02 23060056                       00:00'23               
03/05/21 17:16      44    EXT316                                                
03/05/21 17:17      44    EXT320                                                
03/05/21 17:17     301    EXT49                                                 
03/05/21 17:18     301    EXT18104                                              
03/05/21 17:19     301 02 <I>                       0'28 00:00'12               
03/05/21 17:20     301 02 97491477                       00:00'26               
03/05/21 17:20     301    EXT49                                                 
03/05/21 17:21     310    EXT301                                                
03/05/21 17:22     301 02 99386308                       00:00'26               
03/05/21 17:24     320    EXT2001                                               
  Date     Time    Ext CO        Dial Number        Ring Duration  Acc code  CD 
--------------------------------------------------------------------------------
03/05/21 17:32   13205    EXT2001                                               
03/05/21 17:39     301    EXT18104                                              
03/05/21 17:48   13205    EXT2001                                               
03/05/21 17:48     301 02 99386308                       00:00'13               
03/05/21 17:51   13205    EXT2001                                               
03/05/21 17:51     301    EXT44                                                 
03/05/21 17:57   13205    EXT44                                                 
03/05/21 17:58     305    EXT18104                                              
03/05/21 17:58     305    EXT18106                                              
03/05/21 18:02   18106    EXT44                                                 
03/05/21 18:02      44    EXT49                                                 
03/05/21 18:04   13205    EXT310                                                
03/05/21 18:09     301 02 <I>                       0'07 00:00'04               
03/05/21 18:19   18104    EXT2001                                               
03/05/21 18:20   18104    EXT49                                                 
03/05/21 18:28     301 02 <I>                       0'08 00:00'17               
03/05/21 18:28     301    EXT49                                                 
03/05/21 18:32     301    EXT310                                                
03/05/21 18:51      49    EXT2001                                               
03/05/21 18:52     301    EXT18104                                              
03/05/21 19:03     301    EXT49                                                 
03/05/21 19:03     301 02 <I>                       0'08 00:00'08               
03/05/21 19:20   19000    EXT316                                                
03/05/21 20:27      49    EXT18104                                              
03/05/21 20:41   19000    EXT44                                                 
03/05/21 20:45   19000    EXT44                                                 
03/05/21 20:56      42    EXT44                                                 
03/05/21 20:57   19000    EXT44                                                 
03/05/21 20:58      42    EXT44                                                 
03/05/21 20:58      42    EXT44                                                 
03/05/21 20:58      42    EXT44                                                 
03/05/21 21:04     316    EXT44                                                 
03/05/21 21:26   18107    EXT49                                                 
03/05/21 21:28     301    EXT44                                                 
03/05/21 21:28     301 02 <I>                       0'08 00:00'14               
03/05/21 21:29      44 02 <I>                       0'00 00:00'29            TR 
03/05/21 22:49     310    EXT301                                                
03/05/21 22:49     301    EXT310                                                
03/05/21 23:38   18107    EXT49                                                 
03/05/21 23:38   18107    EXT44                                                 
04/05/21 00:13     320    EXT44                                                 
04/05/21 00:13      44    EXT2001                                               
04/05/21 01:14      44    EXT49                                                 
04/05/21 01:44     301    EXT44                                                 
04/05/21 01:44     301 02 <I>                       0'07 00:00'11               
04/05/21 01:47     301    EXT49                                                 
04/05/21 01:48     301 02 <I>                       0'03 00:01'01               
04/05/21 01:49      49 02 <I>                       0'00 00:00'51            TR 
04/05/21 01:57     301 02 <I>                       0'08 00:00'37               
04/05/21 02:02     328    EXT320                                                
04/05/21 02:43     320    EXT44                                                 
04/05/21 02:57     305    EXT320                                                
04/05/21 02:58     320    EXT44                                                 
04/05/21 03:04     320    EXT44                                                 
04/05/21 03:05     320    EXT44                                                 
04/05/21 03:05     320    EXT44                                                 
04/05/21 03:06      44    EXT320                                                
04/05/21 03:07      44    EXT2001                                               
04/05/21 06:36   18106    EXT49                                                 
04/05/21 06:44   18106    EXT2001                                               
04/05/21 06:54   18106    EXT49                                                 
04/05/21 06:56   18106    EXT49                                                 
04/05/21 07:17   18106    EXT49                                                 
04/05/21 07:18   18106    EXT2001                                               
04/05/21 07:26   18106    EXT2001                                               
04/05/21 07:30   18106    EXT2001                                               
04/05/21 07:31     301    EXT49                                                 
04/05/21 07:35   18106    EXT2001                                               
04/05/21 08:22     323    EXT344                                                
04/05/21 08:23     344    EXT2001                                               
04/05/21 08:24     301 02 96608595                       00:00'02               
04/05/21 08:25     344 02 96608595-                      00:00'27            TR 
04/05/21 08:25     344    EXT2001                                               
04/05/21 08:25     344    EXT323                                                
04/05/21 08:27     323    EXT301                                                
04/05/21 08:27     323    EXT344                                                
04/05/21 08:28     344    EXT323                                                
04/05/21 08:29     301 01 <I>                       0'03 00:00'20               
04/05/21 08:31     306    EXT326                                                
04/05/21 08:32      41    EXT323                                                
04/05/21 08:33     323    EXT301                                                
04/05/21 08:57    2001 02 24833735                       00:00'36               
04/05/21 09:00     316    EXT2001                                               
04/05/21 09:00     301 02 53207407                       00:00'36               
04/05/21 09:01     316    EXT326                                                
04/05/21 09:02     316    EXT2001                                               
04/05/21 09:02     301 02 54622884                       00:00'04               
04/05/21 09:03     344    EXT323                                                
04/05/21 09:03     316 02 54622884-19                    00:00'41            TR 
04/05/21 09:03     316    EXT2001                                               
04/05/21 09:07     303    EXT323                                                
04/05/21 09:08     323    EXT326                                                
04/05/21 09:08     323    EXT2001                                               
04/05/21 09:10     323 02 54622884-                      00:00'58            TR 
04/05/21 09:10     323    EXT303                                                
04/05/21 09:11     323    EXT2001                                               
04/05/21 09:11     303    EXT323                                                
  Date     Time    Ext CO        Dial Number        Ring Duration  Acc code  CD 
--------------------------------------------------------------------------------
04/05/21 09:12     323 02 54622884-                      00:00'56            TR 
04/05/21 09:17   19009    EXT303                                                
04/05/21 09:21     344    EXT323                                                
04/05/21 09:25     344    EXT2001                                               
04/05/21 09:26     301 02 27393682                       00:00'06               
04/05/21 09:26     344 02 27393682-                      00:00'31            TR 
04/05/21 09:31    2001    EXT303                                                
04/05/21 09:32    2001    EXT316                                                
04/05/21 09:32     303    EXT317                                                
04/05/21 09:33    2001 02 95839149                       00:00'27               
04/05/21 09:34    2001 02 54622884                       00:00'25               
04/05/21 09:34      49    EXT2001                                               
04/05/21 09:35     344    EXT323                                                
04/05/21 09:35    2001    EXT330                                                
04/05/21 09:35     344    EXT2001                                               
04/05/21 09:35    2001 02 56347501                       00:00'01               
04/05/21 09:36     344 02 56347501-                      00:00'33            TR 
04/05/21 09:36     344    EXT2001                                               
04/05/21 09:36    2001 01 98555440                       00:00'27               
04/05/21 09:36     344    EXT303                                                
04/05/21 09:37    2001 02 98919288                       00:00'18               
04/05/21 09:38    2001 01 <I>                       0'04 00:00'14               
04/05/21 09:38    2001 02 96851005                       00:00'14               
04/05/21 09:44     323    EXT301                                                
04/05/21 09:45     303    EXT317                                                
04/05/21 09:45     301    EXT305                                                
04/05/21 09:45     301 02 25994462                       00:00'33               
04/05/21 09:47     305 02 25994462-                      00:01'51            TR 
04/05/21 09:48     301 02 98819288                       00:00'20               
04/05/21 09:48     301    EXT49                                                 
04/05/21 09:49     301    EXT302                                                
04/05/21 09:50     301 02 21926035                       00:00'26               
04/05/21 09:50     301    EXT317                                                
04/05/21 09:50     306    EXT344                                                
04/05/21 09:53     313    EXT44                                                 
04/05/21 09:53     313    EXT44                                                 
04/05/21 09:54     344    EXT323                                                
04/05/21 09:56     303    EXT2001                                               
04/05/21 09:58     301    EXT303                                                
04/05/21 09:58     301 01 <I>                       0'14 00:01'06               
04/05/21 09:59     303 01 <I>                       0'00 00:00'50            TR 
04/05/21 09:59      44    EXT313                                                
04/05/21 10:01     301 02 <I>                       0'19 00:00'13               
04/05/21 10:02      44    EXT326                                                
04/05/21 10:08     301    EXT317                                                
04/05/21 10:10     304    EXT301                                                
04/05/21 10:16     301 01 <I>                       0'08 00:03'03               
04/05/21 10:22     301    EXT328                                                
04/05/21 10:22     301 02 72279863                       00:00'08               
04/05/21 10:23     328 02 72279863-                      00:01'00            TR 
04/05/21 10:28   18101    EXT323                                                
04/05/21 10:29   18101    EXT344                                                
04/05/21 10:30   13103    EXT323                                                
04/05/21 10:31     323    EXT344                                                
04/05/21 10:32     301 01 <I>                       0'09 00:00'09               
04/05/21 10:33   18104    EXT2001                                               
04/05/21 10:33     323    EXT332                                                
04/05/21 10:33     324    EXT44                                                 
04/05/21 10:33     323    EXT2001                                               
04/05/21 10:33     324    EXT313                                                
04/05/21 10:34     301 01 <I>                       0'19 00:00'26               
04/05/21 10:35   19011    EXT323                                                
04/05/21 10:37     323 02 97647554-                      00:03'03            TR 
04/05/21 10:38     323    EXT344                                                
04/05/21 10:38   13104    EXT344                                                
04/05/21 10:39     333    EXT301                                                
04/05/21 10:53   13209    EXT323                                                
04/05/21 11:09     301    EXT44                                                 
04/05/21 11:09     332    EXT344                                                
04/05/21 11:09     344    EXT2001                                               
04/05/21 11:10     344    EXT301                                                
04/05/21 11:12     344    EXT323                                                
04/05/21 11:12     344    EXT2001                                               
04/05/21 11:14     344 02 20589859-                      00:01'05            TR 
04/05/21 11:15   13207    EXT344                                                
04/05/21 11:25      44    EXT330                                                
04/05/21 11:29     301    EXT306                                                
04/05/21 11:29   18102    EXT344                                                
04/05/21 11:29     301 01 <I>                       0'12 00:00'18               
04/05/21 11:30     306 01 <I>                       0'00 00:01'03            TR 
04/05/21 11:31     333    EXT49                                                 
04/05/21 11:36   19006    EXT304                                                
04/05/21 11:37     301    EXT44                                                 
04/05/21 11:37     301 02 <I>                       0'12 00:00'25               
04/05/21 11:37      44 02 <I>                       0'00 00:00'13            TR 
04/05/21 11:42   19001    EXT344                                                
04/05/21 11:43     313    EXT320                                                
04/05/21 11:49     330    EXT324                                                
04/05/21 11:49     316    EXT323                                                
04/05/21 11:50     301    EXT323                                                
04/05/21 11:50     301    EXT323                                                
04/05/21 11:51     323    EXT344                                                
04/05/21 11:51     323    EXT301                                                
04/05/21 11:51      40    EXT44                                                 
04/05/21 11:52     323    EXT344                                                
04/05/21 11:52   18105    EXT49                                                 
04/05/21 11:56     330    EXT332                                                
  Date     Time    Ext CO        Dial Number        Ring Duration  Acc code  CD 
--------------------------------------------------------------------------------
04/05/21 11:56   18105    EXT42                                                 
04/05/21 11:57   18105    EXT2001                                               
04/05/21 11:57     301    EXT49                                                 
04/05/21 12:10     301    EXT333                                                
04/05/21 12:12     333    EXT301                                                
04/05/21 12:17   18102    EXT344                                                
04/05/21 12:19     301    EXT306                                                
04/05/21 12:19     301 02 <I>                       0'07 00:01'23               
04/05/21 12:21   15312    EXT323                                                
04/05/21 12:23     301    EXT304                                                
04/05/21 12:23     301 01 <I>                       0'08 00:00'19               
04/05/21 12:24     304 01 <I>                       0'00 00:00'47            TR 
04/05/21 12:28      44    EXT316                                                
04/05/21 12:29     313    EXT320                                                
04/05/21 12:30     313    EXT316                                                
04/05/21 12:33   19015    EXT49                                                 
04/05/21 12:34   18107    EXT323                                                
04/05/21 12:35   18107    EXT2001                                               
04/05/21 12:35     301    EXT326                                                
04/05/21 12:36     301 02 54622884                       00:00'25               
04/05/21 12:40   13205    EXT44                                                 
04/05/21 12:53   18106    EXT344                                                
04/05/21 13:02     301    EXT314                                                
04/05/21 13:03     316    EXT326                                                
04/05/21 13:03     301 01 <I>                       0'06 00:01'23               
04/05/21 13:10     301 01 <I>                       0'07 00:01'32               
04/05/21 13:14     310    EXT316                                                
